<?xml version="1.0" encoding="UTF-8"?>
<testsuite name="com.example.gestaobilhares.ui.metas.MetasViewModelTest" tests="1" skipped="0" failures="0" errors="0" timestamp="2025-12-11T20:38:00" hostname="LAPTOP-SAMSUNG" time="0.109">
  <properties/>
  <testcase name="carregarMetasRotas deve popular metasRotas com sucesso" classname="com.example.gestaobilhares.ui.metas.MetasViewModelTest" time="0.109"/>
  <system-out><![CDATA[]]></system-out>
  <system-err><![CDATA[]]></system-err>
</testsuite>
