<?xml version="1.0" encoding="UTF-8"?>
<testsuite name="com.example.gestaobilhares.ui.cycles.CycleManagementViewModelTest" tests="1" skipped="0" failures="0" errors="0" timestamp="2025-12-11T20:37:59" hostname="LAPTOP-SAMSUNG" time="0.469">
  <properties/>
  <testcase name="carregarDadosCiclo deve atualizar dadosCiclo e estatisticas" classname="com.example.gestaobilhares.ui.cycles.CycleManagementViewModelTest" time="0.469"/>
  <system-out><![CDATA[DEBUG: FinancialCalculator: ]]>&#x1f504;<![CDATA[ Método: 'PIX' -> Normalizado: 'PIX' -> Valor: R$ 500.0
DEBUG: FinancialCalculator: ]]>&#x1f4ca;<![CDATA[ Totais por modalidade calculados: {PIX=500.0}
DEBUG: FinancialCalculator: ]]>&#x1f4b0;<![CDATA[ Valores extraídos: PIX=500.0, Cartão=0.0, Cheque=0.0, Dinheiro=0.0
STATS_DEBUG: total=500.0 pix=500.0
]]></system-out>
  <system-err><![CDATA[]]></system-err>
</testsuite>
