<?xml version="1.0" encoding="UTF-8"?>
<testsuite name="com.example.gestaobilhares.ui.clients.ClientRegisterViewModelTest" tests="2" skipped="0" failures="0" errors="0" timestamp="2025-12-12T19:05:24" hostname="LAPTOP-SAMSUNG" time="6.128">
  <properties/>
  <testcase name="carregarClienteParaEdicao deve carregar cliente e debito" classname="com.example.gestaobilhares.ui.clients.ClientRegisterViewModelTest" time="5.95"/>
  <testcase name="cadastrarCliente deve inserir novo cliente quando nao esta em edicao" classname="com.example.gestaobilhares.ui.clients.ClientRegisterViewModelTest" time="0.173"/>
  <system-out><![CDATA[DEBUG: ClientRegisterViewModel: Carregando cliente para edição: 1
DEBUG: ClientRegisterViewModel: Cliente carregado: Cliente Existente
DEBUG: ClientRegisterViewModel: Iniciando cadastro do cliente: Novo Cliente
DEBUG: ClientRegisterViewModel: Modo NOVO CADASTRO - Inserindo cliente
DEBUG: ClientRegisterViewModel: Cliente inserido com sucesso, ID: 100
DEBUG: ClientRegisterViewModel: Finalizando operação, isLoading = false
]]></system-out>
  <system-err><![CDATA[]]></system-err>
</testsuite>
