<?xml version="1.0" encoding="UTF-8"?>
<testsuite name="com.example.gestaobilhares.ui.auth.AuthViewModelTest" tests="6" skipped="0" failures="0" errors="0" timestamp="2025-12-12T19:05:14" hostname="LAPTOP-SAMSUNG" time="9.352">
  <properties/>
  <testcase name="validarEmail deve retornar false para email invalido" classname="com.example.gestaobilhares.ui.auth.AuthViewModelTest" time="9.295"/>
  <testcase name="validarSenha deve retornar false para senha curta" classname="com.example.gestaobilhares.ui.auth.AuthViewModelTest" time="0.016"/>
  <testcase name="validarSenha deve retornar false para senha vazia" classname="com.example.gestaobilhares.ui.auth.AuthViewModelTest" time="0.005"/>
  <testcase name="validarEmail deve retornar false para email vazio" classname="com.example.gestaobilhares.ui.auth.AuthViewModelTest" time="0.009"/>
  <testcase name="validarSenha deve retornar true para senha com minimo 6 caracteres" classname="com.example.gestaobilhares.ui.auth.AuthViewModelTest" time="0.009"/>
  <testcase name="validarEmail deve retornar true para email valido" classname="com.example.gestaobilhares.ui.auth.AuthViewModelTest" time="0.008"/>
  <system-out><![CDATA[]]></system-out>
  <system-err><![CDATA[WARNING: A Java agent has been loaded dynamically (C:\Users\Rossiny\.gradle\caches\8.11.1\transforms\d2a3ae3de270cf046c1204b1fdafd20a\transformed\jetified-byte-buddy-agent-1.14.9.jar)
WARNING: If a serviceability tool is in use, please run with -XX:+EnableDynamicAgentLoading to hide this warning
WARNING: If a serviceability tool is not in use, please run with -Djdk.instrument.traceUsage for more information
WARNING: Dynamic loading of agents will be disallowed by default in a future release
]]></system-err>
</testsuite>
