<?xml version="1.0" encoding="UTF-8"?>
<testsuite name="com.example.gestaobilhares.data.utils.CalculoUtilsTest" tests="7" skipped="0" failures="0" errors="0" timestamp="2025-12-11T20:37:24" hostname="LAPTOP-SAMSUNG" time="0.067">
  <properties/>
  <testcase name="formatarMoeda deve retornar formato brasileiro correto" classname="com.example.gestaobilhares.data.utils.CalculoUtilsTest" time="0.011"/>
  <testcase name="calcularComissao deve retornar percentual correto" classname="com.example.gestaobilhares.data.utils.CalculoUtilsTest" time="0.003"/>
  <testcase name="calcularValorLiquido deve descontar comissao corretamente" classname="com.example.gestaobilhares.data.utils.CalculoUtilsTest" time="0.001"/>
  <testcase name="calcularComissao deve retornar zero para percentual zero" classname="com.example.gestaobilhares.data.utils.CalculoUtilsTest" time="0.001"/>
  <testcase name="calcularSubtotalPorFichas deve retornar zero quando relogios iguais" classname="com.example.gestaobilhares.data.utils.CalculoUtilsTest" time="0.001"/>
  <testcase name="calcularSubtotalPorFichas deve retornar valor correto" classname="com.example.gestaobilhares.data.utils.CalculoUtilsTest" time="0.002"/>
  <testcase name="formatarMoeda deve tratar valores negativos" classname="com.example.gestaobilhares.data.utils.CalculoUtilsTest" time="0.001"/>
  <system-out><![CDATA[]]></system-out>
  <system-err><![CDATA[]]></system-err>
</testsuite>
